/*C3*/SET SCHEMA PUBLIC
DROP TABLE BODYPART
DROP TABLE PATIENTVERSION
DROP TABLE PATIENT
CREATE TABLE PATIENT \u000a\u0009(ID INTEGER GENERATED BY DEFAULT AS IDENTITY (START WITH 1 INCREMENT BY 1) NOT NULL, \u000a\u0009GUID\u0009\u0009\u0009VARCHAR(36) NOT NULL,\u000a\u0009VERSION\u0009\u0009\u0009INTEGER NOT NULL,\u000a\u0009\u000a\u0009PRIMARY KEY (ID))
CREATE TABLE PATIENTVERSION\u000a\u0009(ID INTEGER GENERATED BY DEFAULT AS IDENTITY (START WITH 1 INCREMENT BY 1) NOT NULL, \u000a\u0009PATIENT\u0009\u0009\u0009INTEGER NOT NULL,\u000a\u0009VERSION\u0009\u0009\u0009INTEGER NOT NULL,\u000a\u0009TIMESTAMP\u0009\u0009TIMESTAMP,\u000a\u0009\u000a\u0009NAMEGIVEN\u0009\u0009LONGVARCHAR,\u000a\u0009NAMEFAMILY\u0009\u0009LONGVARCHAR,\u000a\u0009BIRTHTIME\u0009\u0009DATE,\u000a\u0009GENDER\u0009\u0009\u0009VARCHAR(15),\u000a\u0009CATEGORY\u0009\u0009VARCHAR(15),\u000a\u0009WALKABLE\u0009\u0009BOOLEAN,\u000a\u0009RESPIRATION\u0009\u0009VARCHAR(15),\u000a\u0009PERFUSION\u0009\u0009VARCHAR(15),\u000a\u0009MENTALSTATUS\u0009VARCHAR(15),\u000a\u0009PHASEOFLIFE\u0009\u0009VARCHAR(15),\u000a\u0009SALVAGEINFO\u0009\u0009LONGVARCHAR,\u000a\u0009PLACEPOSITION\u0009LONGVARCHAR,\u000a\u0009URGENCY\u0009\u0009\u0009INTEGER,\u000a\u0009BLOODPRESSURESYSTOLIC\u0009INTEGER,\u000a\u0009BLOODPRESSUREDIASTOLIC\u0009INTEGER,\u000a\u0009PULSE\u0009\u0009\u0009INTEGER,\u000a\u0009READYFORTRANSPORT\u0009BOOLEAN,\u000a\u0009HOSPITAL\u0009\u0009LONGVARCHAR,\u000a\u0009HEALTHINSURANCE\u0009LONGVARCHAR,\u000a\u0009TREATMENT\u0009\u0009VARCHAR(15),\u000a\u0009GPS\u0009\u0009\u0009\u0009VARCHAR(255),\u000a\u0009DIAGNOSIS\u0009\u0009LONGVARCHAR,\u000a\u0009COURSEOFTREATMENT\u0009LONGVARCHAR,\u000a\u0009AUTHOR\u0009\u0009\u0009LONGVARCHAR,\u000a\u0009\u000a\u0009PRIMARY KEY (ID))
CREATE TABLE BODYPART \u000a\u0009(ID INTEGER GENERATED BY DEFAULT AS IDENTITY (START WITH 1 INCREMENT BY 1) NOT NULL, \u000a\u0009PATIENTVERSION\u0009INTEGER NOT NULL,\u000a\u0009KEY\u0009\u0009VARCHAR(36) NOT NULL,\u000a\u0009VALUE\u0009LONGVARCHAR,\u000a\u0009PRIMARY KEY (ID))
ALTER TABLE PATIENTVERSION ADD CONSTRAINT FK_PATIENTVERSION_PATIENT FOREIGN KEY (PATIENT) REFERENCES PATIENT (ID)
ALTER TABLE BODYPART ADD CONSTRAINT FK_BODYPART_PATIENTVERSION FOREIGN KEY (PATIENTVERSION) REFERENCES PATIENTVERSION (ID)
/*C4*/SET SCHEMA PUBLIC
DISCONNECT
/*C5*/SET SCHEMA PUBLIC
DISCONNECT
/*C3*/INSERT INTO PATIENT VALUES(1,'204c4fea-9827-4614-9793-f7c8b3c98e18',2)
COMMIT
INSERT INTO PATIENTVERSION VALUES(1,1,1,NULL,'Given','Family','1990-09-18','maennlich',NULL,TRUE,'notSpecified','notSpecified','notSpecified','notSpecified',NULL,'notSpecified',1,2,3,4,TRUE,'notSpecified','notSpecified','notSpecified',NULL,NULL,NULL,NULL)
COMMIT
INSERT INTO PATIENTVERSION VALUES(2,1,2,NULL,'Given2','Family2','1990-09-18','maennlich','notSpecified',TRUE,'notSpecified','notSpecified','notSpecified','notSpecified',NULL,'notSpecified',1,2,3,4,TRUE,'notSpecified','notSpecified','notSpecified',NULL,NULL,NULL,NULL)
COMMIT
/*C6*/SET SCHEMA PUBLIC
DISCONNECT
/*C3*/DELETE FROM PATIENTVERSION WHERE ID=1
DELETE FROM PATIENTVERSION WHERE ID=2
INSERT INTO PATIENTVERSION VALUES(1,1,1,NULL,'Given','Family','1990-09-18','maennlich',NULL,TRUE,'notSpecified','notSpecified','notSpecified','notSpecified',NULL,'notSpecified',1,2,3,4,TRUE,'notSpecified','notSpecified','notSpecified',NULL,NULL,NULL,'one;two;bbbbbbbb-9827-4614-9793-f7c8b3c98e18')
INSERT INTO PATIENTVERSION VALUES(2,1,2,NULL,'Given2','Family2','1990-09-18','maennlich','notSpecified',TRUE,'notSpecified','notSpecified','notSpecified','notSpecified',NULL,'notSpecified',1,2,3,4,TRUE,'notSpecified','notSpecified','notSpecified',NULL,NULL,NULL,'one;two;bbbbbbbb-9827-4614-9793-f7c8b3c98e18')
COMMIT
/*C7*/SET SCHEMA PUBLIC
DISCONNECT
/*C8*/SET SCHEMA PUBLIC
INSERT INTO PATIENT VALUES(2,'57e9d35b-d9a1-42b7-b742-29f979c62f2d',1)
COMMIT
INSERT INTO PATIENTVERSION VALUES(3,2,1,'2013-06-20 00:00:00.000000','Lucas','Dobler','1800-01-01','male','immediate',FALSE,'notSpecified','notSpecified','notSpecified','child','',NULL,NULL,NULL,NULL,NULL,FALSE,NULL,NULL,'notSpecified',NULL,'','',';;')
COMMIT
DELETE FROM PATIENT WHERE ID=2
INSERT INTO PATIENT VALUES(2,'57e9d35b-d9a1-42b7-b742-29f979c62f2d',1)
COMMIT
INSERT INTO PATIENT VALUES(3,'dcd7716c-42bf-4468-b01f-359bb9d747b3',1)
COMMIT
INSERT INTO PATIENTVERSION VALUES(4,3,1,'2013-06-20 00:00:00.000000','Lucas','Dobler','1800-01-01','male','immediate',FALSE,'notSpecified','notSpecified','notSpecified','child','',NULL,NULL,NULL,NULL,NULL,FALSE,NULL,NULL,'notSpecified',NULL,'','',';;')
COMMIT
DELETE FROM PATIENT WHERE ID=3
INSERT INTO PATIENT VALUES(3,'dcd7716c-42bf-4468-b01f-359bb9d747b3',1)
COMMIT
INSERT INTO PATIENT VALUES(4,'2b2969ba-fb5f-4656-9f00-9cf48f948bbe',1)
COMMIT
INSERT INTO PATIENTVERSION VALUES(5,4,1,'2013-06-20 00:00:00.000000','Daniel','Gehrer','1800-01-01','female','delayed',FALSE,'notSpecified','notSpecified','notSpecified','adult','',NULL,NULL,NULL,NULL,NULL,FALSE,NULL,NULL,'notSpecified',NULL,'','',';;')
COMMIT
DELETE FROM PATIENT WHERE ID=4
INSERT INTO PATIENT VALUES(4,'2b2969ba-fb5f-4656-9f00-9cf48f948bbe',1)
COMMIT
INSERT INTO PATIENT VALUES(5,'f2187a47-6ede-4f21-99ed-3ba73012a47c',1)
COMMIT
INSERT INTO PATIENTVERSION VALUES(6,5,1,'2013-06-20 00:00:00.000000','Goran','Filcic','1800-01-01','male','deceased',FALSE,'notSpecified','notSpecified','notSpecified','adult','',NULL,NULL,NULL,NULL,NULL,FALSE,NULL,NULL,'notSpecified',NULL,'','',';;')
COMMIT
DELETE FROM PATIENT WHERE ID=5
INSERT INTO PATIENT VALUES(5,'f2187a47-6ede-4f21-99ed-3ba73012a47c',1)
COMMIT
DISCONNECT
/*C9*/SET SCHEMA PUBLIC
DELETE FROM PATIENTVERSION WHERE ID=1
DELETE FROM PATIENTVERSION WHERE ID=2
DELETE FROM PATIENTVERSION WHERE ID=3
DELETE FROM PATIENTVERSION WHERE ID=4
DELETE FROM PATIENTVERSION WHERE ID=5
DELETE FROM PATIENTVERSION WHERE ID=6
COMMIT
DELETE FROM PATIENT WHERE ID=1
DELETE FROM PATIENT WHERE ID=2
DELETE FROM PATIENT WHERE ID=3
DELETE FROM PATIENT WHERE ID=4
DELETE FROM PATIENT WHERE ID=5
COMMIT
INSERT INTO PATIENT VALUES(6,'7a75f793-77ea-4d30-9c0f-f5872c47ffe9',1)
COMMIT
INSERT INTO PATIENTVERSION VALUES(7,6,1,'2013-06-20 00:00:00.000000','Lucas','Dobler','1800-01-01','male','immediate',FALSE,'notSpecified','notSpecified','notSpecified','child','',NULL,NULL,NULL,NULL,NULL,FALSE,NULL,NULL,'notSpecified',NULL,'','',';;00000000-0000-0000-0000-000000000000')
COMMIT
DELETE FROM PATIENT WHERE ID=6
INSERT INTO PATIENT VALUES(6,'7a75f793-77ea-4d30-9c0f-f5872c47ffe9',1)
COMMIT
INSERT INTO PATIENT VALUES(7,'3a4c21fe-b718-4b1c-97d8-fbf5c7a2cf10',1)
COMMIT
INSERT INTO PATIENTVERSION VALUES(8,7,1,'2013-06-20 00:00:00.000000','Lucas','Dobler','1800-01-01','male','immediate',FALSE,'notSpecified','notSpecified','notSpecified','child','',NULL,NULL,NULL,NULL,NULL,FALSE,NULL,NULL,'notSpecified',NULL,'','',';;00000000-0000-0000-0000-000000000000')
COMMIT
DELETE FROM PATIENT WHERE ID=7
INSERT INTO PATIENT VALUES(7,'3a4c21fe-b718-4b1c-97d8-fbf5c7a2cf10',1)
COMMIT
INSERT INTO PATIENT VALUES(8,'a037efad-04d0-488b-879c-541dfd7658ae',1)
COMMIT
INSERT INTO PATIENTVERSION VALUES(9,8,1,'2013-06-20 00:00:00.000000','Daniel','Gehrer','1800-01-01','female','delayed',FALSE,'notSpecified','notSpecified','notSpecified','adult','',NULL,NULL,NULL,NULL,NULL,FALSE,NULL,NULL,'notSpecified',NULL,'','',';;00000000-0000-0000-0000-000000000000')
COMMIT
DELETE FROM PATIENT WHERE ID=8
INSERT INTO PATIENT VALUES(8,'a037efad-04d0-488b-879c-541dfd7658ae',1)
COMMIT
INSERT INTO PATIENT VALUES(9,'d06d9e1e-b344-4153-ace6-b87e3064ceb1',1)
COMMIT
INSERT INTO PATIENTVERSION VALUES(10,9,1,'2013-06-20 00:00:00.000000','Goran','Filcic','1800-01-01','male','deceased',FALSE,'notSpecified','notSpecified','notSpecified','adult','',NULL,NULL,NULL,NULL,NULL,FALSE,NULL,NULL,'notSpecified',NULL,'','',';;00000000-0000-0000-0000-000000000000')
COMMIT
DELETE FROM PATIENT WHERE ID=9
INSERT INTO PATIENT VALUES(9,'d06d9e1e-b344-4153-ace6-b87e3064ceb1',1)
COMMIT
